<?xml version="1.0" encoding="UTF-8"?>
<!-- Generated by org.testng.reporters.JUnitReportReporter -->
<testsuite hostname="DESKTOP-FHEOHAQ" failures="0" tests="2" name="Practice.DataProvider" time="0.021" errors="0" timestamp="2023-05-23T17:56:54 IST" skipped="0">
  <testcase classname="Practice.DataProvider" name="getData" time="0.005"/>
  <system-out/>
  <testcase classname="Practice.DataProvider" name="getData" time="0.016"/>
  <system-out/>
</testsuite> <!-- Practice.DataProvider -->
