<?xml version="1.0" encoding="UTF-8"?>
<!-- Generated by org.testng.reporters.JUnitReportReporter -->
<testsuite hostname="DESKTOP-FHEOHAQ" failures="0" tests="1" name="MOCK.Mock" time="110.884" errors="0" timestamp="2023-07-05T11:46:57 IST" skipped="0">
  <testcase classname="MOCK.Mock" name="pract" time="110.884"/>
  <system-out/>
</testsuite> <!-- MOCK.Mock -->
