<?xml version="1.0" encoding="UTF-8"?>
<!-- Generated by org.testng.reporters.JUnitReportReporter -->
<testsuite hostname="DESKTOP-FHEOHAQ" failures="0" tests="2" name="runTestNg.verify_subi_is_displayingTestNG" time="33.977" errors="0" timestamp="2023-05-26T17:36:43 IST" skipped="0">
  <testcase classname="runTestNg.verify_subi_is_displayingTestNG" name="selectGrade" time="14.802"/>
  <system-out>
    <![CDATA[teacher Dashboard Page is Displaying]]>
  </system-out>
  <testcase classname="runTestNg.verify_subi_is_displayingTestNG" name="verifySubject" time="19.175"/>
  <system-out>
    <![CDATA[Parent Dashboard Page is Displaying]]>
  </system-out>
</testsuite> <!-- runTestNg.verify_subi_is_displayingTestNG -->
