<?xml version="1.0" encoding="UTF-8"?>
<!-- Generated by org.testng.reporters.JUnitReportReporter -->
<testsuite hostname="DESKTOP-FHEOHAQ" failures="0" tests="3" name="sms.Subjectrouting.TestNG.PettycashTestNgTest1" time="75.985" errors="0" timestamp="2023-05-26T17:36:43 IST" skipped="0">
  <testcase classname="sms.Subjectrouting.TestNG.PettycashTestNgTest1" name="createTeacher" time="42.574"/>
  <system-out>
    <![CDATA[Dashboard page is displaying]]>
  </system-out>
  <testcase classname="sms.Subjectrouting.TestNG.PettycashTestNgTest1" name="addpettyCash" time="24.198"/>
  <system-out>
    <![CDATA[Teacher DashBoard Page is Displaying]]>
  </system-out>
  <testcase classname="sms.Subjectrouting.TestNG.PettycashTestNgTest1" name="approvePettyCash" time="9.213"/>
  <system-out>
    <![CDATA[Admin dashboard page is displaying]]>
  </system-out>
</testsuite> <!-- sms.Subjectrouting.TestNG.PettycashTestNgTest1 -->
