<?xml version="1.0" encoding="UTF-8"?>
<!-- Generated by org.testng.reporters.JUnitReportReporter -->
<testsuite hostname="DESKTOP-FHEOHAQ" failures="0" tests="2" name="sms.Subjectrouting.TestNG.Subjectrouting_EditableTestNG" time="75.463" errors="0" timestamp="2023-05-26T17:36:43 IST" skipped="0">
  <testcase classname="sms.Subjectrouting.TestNG.Subjectrouting_EditableTestNG" name="addTimetable" time="58.111"/>
  <system-out>
    <![CDATA[Teacher Dashboard Page is Displaying]]>
  </system-out>
  <testcase classname="sms.Subjectrouting.TestNG.Subjectrouting_EditableTestNG" name="editFees" time="17.352"/>
  <system-out>
    <![CDATA[Admin Dashboard page is displaying]]>
  </system-out>
</testsuite> <!-- sms.Subjectrouting.TestNG.Subjectrouting_EditableTestNG -->
