<?xml version="1.0" encoding="UTF-8"?>
<!-- Generated by org.testng.reporters.JUnitReportReporter -->
<testsuite hostname="DESKTOP-FHEOHAQ" failures="0" tests="1" name="Practice.AutomateAmazon" time="29.358" errors="0" timestamp="2023-07-04T12:25:50 IST" skipped="0">
  <testcase classname="Practice.AutomateAmazon" name="amazon" time="29.358"/>
  <system-out/>
</testsuite> <!-- Practice.AutomateAmazon -->
