<?xml version="1.0" encoding="UTF-8"?>
<!-- Generated by org.testng.reporters.JUnitReportReporter -->
<testsuite hostname="DESKTOP-FHEOHAQ" failures="0" tests="1" name="sms.Subjectrouting.TestNG.Edit_StudentTestNg" time="23.342" errors="0" timestamp="2023-05-30T10:00:08 IST" skipped="0">
  <testcase classname="sms.Subjectrouting.TestNG.Edit_StudentTestNg" name="addStudentDetails" time="23.342"/>
  <system-out>
    <![CDATA[Admin Dashboard page is displaying]]>
  </system-out>
</testsuite> <!-- sms.Subjectrouting.TestNG.Edit_StudentTestNg -->
