<?xml version="1.0" encoding="UTF-8"?>
<!-- Generated by org.testng.reporters.JUnitReportReporter -->
<testsuite hostname="DESKTOP-FHEOHAQ" failures="0" tests="1" name="sms.Subjectrouting.TestNG.Add_SubjectroutingTestNg" time="20.830" errors="0" timestamp="2023-05-30T12:39:03 IST" skipped="0">
  <testcase classname="sms.Subjectrouting.TestNG.Add_SubjectroutingTestNg" name="addteacher" time="20.830"/>
  <system-out>
    <![CDATA[Admin dashboard page is displaying
Teacher is Displaying]]>
  </system-out>
</testsuite> <!-- sms.Subjectrouting.TestNG.Add_SubjectroutingTestNg -->
