<?xml version="1.0" encoding="UTF-8"?>
<!-- Generated by org.testng.reporters.JUnitReportReporter -->
<testsuite hostname="DESKTOP-FHEOHAQ" failures="0" tests="3" name="Practice.FetchfromExcel" time="0.024" errors="0" timestamp="2023-05-24T11:22:42 IST" skipped="0">
  <testcase classname="Practice.FetchfromExcel" name="getData" time="0.007"/>
  <system-out/>
  <testcase classname="Practice.FetchfromExcel" name="getData" time="0.004"/>
  <system-out/>
  <testcase classname="Practice.FetchfromExcel" name="getData" time="0.013"/>
  <system-out/>
</testsuite> <!-- Practice.FetchfromExcel -->
