<?xml version="1.0" encoding="UTF-8"?>
<!-- Generated by org.testng.reporters.JUnitReportReporter -->
<testsuite hostname="DESKTOP-FHEOHAQ" failures="0" tests="13" name="Practice.data" time="0.085" errors="0" timestamp="2023-05-24T09:52:13 IST" skipped="0">
  <testcase classname="Practice.data" name="getData" time="0.002"/>
  <system-out/>
  <testcase classname="Practice.data" name="getData" time="0.008"/>
  <system-out/>
  <testcase classname="Practice.data" name="getData" time="0.009"/>
  <system-out/>
  <testcase classname="Practice.data" name="getData" time="0.023"/>
  <system-out/>
  <testcase classname="Practice.data" name="getData" time="0.003"/>
  <system-out/>
  <testcase classname="Practice.data" name="getData1" time="0.006"/>
  <system-out/>
  <testcase classname="Practice.data" name="getData" time="0.002"/>
  <system-out/>
  <testcase classname="Practice.data" name="getData1" time="0.008"/>
  <system-out/>
  <testcase classname="Practice.data" name="getData" time="0.009"/>
  <system-out/>
  <testcase classname="Practice.data" name="getData" time="0.002"/>
  <system-out/>
  <testcase classname="Practice.data" name="getData1" time="0.002"/>
  <system-out/>
  <testcase classname="Practice.data" name="getData" time="0.005"/>
  <system-out/>
  <testcase classname="Practice.data" name="getData" time="0.006"/>
  <system-out/>
</testsuite> <!-- Practice.data -->
