<?xml version="1.0" encoding="UTF-8"?>
<!-- Generated by org.testng.reporters.JUnitReportReporter -->
<testsuite hostname="DESKTOP-FHEOHAQ" failures="0" tests="12" name="Practice.Testng" time="0.101" errors="0" timestamp="2023-05-23T16:57:45 IST" skipped="0">
  <testcase classname="Practice.Testng" name="create" time="0.024"/>
  <system-out/>
  <testcase classname="Practice.Testng" name="modify" time="0.009"/>
  <system-out/>
  <testcase classname="Practice.Testng" name="delete" time="0.018"/>
  <system-out/>
  <testcase classname="Practice.Testng" name="modify" time="0.006"/>
  <system-out/>
  <testcase classname="Practice.Testng" name="modify" time="0.008"/>
  <system-out/>
  <testcase classname="Practice.Testng" name="modify" time="0.003"/>
  <system-out/>
  <testcase classname="Practice.Testng" name="modify" time="0.002"/>
  <system-out/>
  <testcase classname="Practice.Testng" name="modify" time="0.012"/>
  <system-out/>
  <testcase classname="Practice.Testng" name="modify" time="0.006"/>
  <system-out/>
  <testcase classname="Practice.Testng" name="modify" time="0.005"/>
  <system-out/>
  <testcase classname="Practice.Testng" name="modify" time="0.004"/>
  <system-out/>
  <testcase classname="Practice.Testng" name="modify" time="0.004"/>
  <system-out/>
</testsuite> <!-- Practice.Testng -->
