<?xml version="1.0" encoding="UTF-8"?>
<!-- Generated by org.testng.reporters.JUnitReportReporter -->
<testsuite hostname="DESKTOP-FHEOHAQ" failures="0" tests="3" name="Practice.fetchdatafromexcelutility" time="0.025" errors="0" timestamp="2023-05-24T13:27:26 IST" skipped="0">
  <testcase classname="Practice.fetchdatafromexcelutility" name="da" time="0.005"/>
  <system-out/>
  <testcase classname="Practice.fetchdatafromexcelutility" name="da" time="0.004"/>
  <system-out/>
  <testcase classname="Practice.fetchdatafromexcelutility" name="da" time="0.016"/>
  <system-out/>
</testsuite> <!-- Practice.fetchdatafromexcelutility -->
