<?xml version="1.0" encoding="UTF-8"?>
<!-- Generated by org.testng.reporters.JUnitReportReporter -->
<testsuite hostname="DESKTOP-FHEOHAQ" failures="0" tests="2" name="runTestNg.Subjectrouting_EditableTestNG" time="77.995" errors="0" timestamp="2023-05-26T17:36:43 IST" skipped="0">
  <testcase classname="runTestNg.Subjectrouting_EditableTestNG" name="addTimetable" time="57.683"/>
  <system-out>
    <![CDATA[Teacher Dashboard Page is Displaying]]>
  </system-out>
  <testcase classname="runTestNg.Subjectrouting_EditableTestNG" name="editFees" time="20.312"/>
  <system-out>
    <![CDATA[Admin Dashboard page is displaying]]>
  </system-out>
</testsuite> <!-- runTestNg.Subjectrouting_EditableTestNG -->
