<?xml version="1.0" encoding="UTF-8"?>
<!-- Generated by org.testng.reporters.JUnitReportReporter -->
<testsuite hostname="DESKTOP-FHEOHAQ" failures="0" tests="1" name="runTestNg.Edit_StudentTestNg" time="60.429" errors="0" timestamp="2023-05-26T17:36:43 IST" skipped="0">
  <testcase classname="runTestNg.Edit_StudentTestNg" name="addStudentDetails" time="60.429"/>
  <system-out>
    <![CDATA[Admin Dashboard page is displaying]]>
  </system-out>
</testsuite> <!-- runTestNg.Edit_StudentTestNg -->
