<?xml version="1.0" encoding="UTF-8"?>
<!-- Generated by org.testng.reporters.JUnitReportReporter -->
<testsuite hostname="DESKTOP-FHEOHAQ" failures="0" tests="1" name="MOCK.MockFetch" time="2.021" errors="0" timestamp="2023-07-05T17:07:26 IST" skipped="0">
  <testcase classname="MOCK.MockFetch" name="main" time="2.021"/>
  <system-out/>
</testsuite> <!-- MOCK.MockFetch -->
