<?xml version="1.0" encoding="UTF-8"?>
<!-- Generated by org.testng.reporters.JUnitReportReporter -->
<testsuite hostname="DESKTOP-FHEOHAQ" failures="0" tests="3" name="Practice.Practice" time="0.041" errors="0" timestamp="2023-05-23T17:17:33 IST" skipped="0">
  <testcase classname="Practice.Practice" name="update" time="0.024"/>
  <system-out/>
  <testcase classname="Practice.Practice" name="delete" time="0.012"/>
  <system-out/>
  <testcase classname="Practice.Practice" name="create" time="0.005"/>
  <system-out/>
</testsuite> <!-- Practice.Practice -->
