<?xml version="1.0" encoding="UTF-8"?>
<!-- Generated by org.testng.reporters.JUnitReportReporter -->
<testsuite hostname="DESKTOP-FHEOHAQ" failures="0" tests="1" name="runTestNg.Add_SubjectroutingTestNg" time="54.460" errors="0" timestamp="2023-05-26T17:36:43 IST" skipped="0">
  <testcase classname="runTestNg.Add_SubjectroutingTestNg" name="addteacher" time="54.460"/>
  <system-out>
    <![CDATA[Admin dashboard page is displaying
Teacher is Displaying]]>
  </system-out>
</testsuite> <!-- runTestNg.Add_SubjectroutingTestNg -->
