<?xml version="1.0" encoding="UTF-8"?>
<!-- Generated by org.testng.reporters.JUnitReportReporter -->
<testsuite hostname="DESKTOP-FHEOHAQ" failures="0" tests="1" name="Practice.BaseClass" time="3.268" errors="0" timestamp="2023-05-25T10:15:15 IST" skipped="0">
  <testcase classname="Practice.BaseClass" name="main" time="3.268"/>
  <system-out/>
</testsuite> <!-- Practice.BaseClass -->
